f:\pshautofinancepro\pshautofinancepro\debug\pshautofinancepro.pch
f:\pshautofinancepro\pshautofinancepro\debug\vc141.pdb
f:\pshautofinancepro\pshautofinancepro\debug\vc141.idb
f:\pshautofinancepro\pshautofinancepro\debug\stdafx.obj
f:\pshautofinancepro\pshautofinancepro\debug\minidumphelp.obj
f:\pshautofinancepro\pshautofinancepro\debug\logging.obj
f:\pshautofinancepro\pshautofinancepro\debug\ivalvex.obj
f:\pshautofinancepro\pshautofinancepro\debug\iswitchledx8.obj
f:\pshautofinancepro\pshautofinancepro\debug\irotationdisplayx1.obj
f:\pshautofinancepro\pshautofinancepro\debug\ipipex.obj
f:\pshautofinancepro\pshautofinancepro\debug\ilineargaugex1.obj
f:\pshautofinancepro\pshautofinancepro\debug\iledrectanglex1.obj
f:\pshautofinancepro\pshautofinancepro\debug\ieditx.obj
f:\pshautofinancepro\pshautofinancepro\debug\ianalogoutputx.obj
f:\pshautofinancepro\pshautofinancepro\debug\ianalogdisplayx.obj
f:\pshautofinancepro\pshautofinancepro\debug\fontmanager.obj
f:\pshautofinancepro\pshautofinancepro\debug\filesystemutil.obj
f:\pshautofinancepro\pshautofinancepro\debug\dialogutil.obj
f:\pshautofinancepro\pshautofinancepro\debug\devicedata.obj
f:\pshautofinancepro\pshautofinancepro\debug\dateutil.obj
f:\pshautofinancepro\pshautofinancepro\debug\colorstatic.obj
f:\pshautofinancepro\pshautofinancepro\debug\btnst.obj
f:\pshautofinancepro\pshautofinancepro\debug\bkdialogst.obj
f:\pshautofinancepro\pshautofinancepro\debug\bcmenu.obj
f:\pshautofinancepro\pshautofinancepro\debug\pshautofinanceproview.obj
f:\pshautofinancepro\pshautofinancepro\debug\pshautofinanceprodoc.obj
f:\pshautofinancepro\pshautofinancepro\debug\pshautofinancepro.obj
f:\pshautofinancepro\pshautofinancepro\debug\mainfrm.obj
f:\pshautofinancepro\pshautofinancepro\debug\dlgtop.obj
f:\pshautofinancepro\pshautofinancepro\debug\dlgright01.obj
f:\pshautofinancepro\pshautofinancepro\debug\dlgmain02.obj
f:\pshautofinancepro\pshautofinancepro\debug\dlgmain01.obj
f:\pshautofinancepro\pshautofinancepro\debug\dlgbottom.obj
f:\pshautofinancepro\pshautofinancepro\debug\thread.obj
f:\pshautofinancepro\pshautofinancepro\debug\stringutil.obj
f:\pshautofinancepro\pshautofinancepro\debug\scrollwindow.obj
f:\pshautofinancepro\debug\pshautofinancepro.exe
f:\pshautofinancepro\debug\pshautofinancepro.ilk
f:\pshautofinancepro\debug\pshautofinancepro.pdb
f:\pshautofinancepro\pshautofinancepro\debug\pshautofinancepro.res
f:\pshautofinancepro\pshautofinancepro\debug\pshautof.4e66397c.tlog\cl.command.1.tlog
f:\pshautofinancepro\pshautofinancepro\debug\pshautof.4e66397c.tlog\cl.read.1.tlog
f:\pshautofinancepro\pshautofinancepro\debug\pshautof.4e66397c.tlog\cl.write.1.tlog
f:\pshautofinancepro\pshautofinancepro\debug\pshautof.4e66397c.tlog\link.command.1.tlog
f:\pshautofinancepro\pshautofinancepro\debug\pshautof.4e66397c.tlog\link.read.1.tlog
f:\pshautofinancepro\pshautofinancepro\debug\pshautof.4e66397c.tlog\link.write.1.tlog
f:\pshautofinancepro\pshautofinancepro\debug\pshautof.4e66397c.tlog\rc.command.1.tlog
f:\pshautofinancepro\pshautofinancepro\debug\pshautof.4e66397c.tlog\rc.read.1.tlog
f:\pshautofinancepro\pshautofinancepro\debug\pshautof.4e66397c.tlog\rc.write.1.tlog
