d:\1.박상현\개발프로그램\kiwoomtrading\pshautotradingpro_20190327_1\pshautotradingpro\debug\pshautotradingpro.pch
d:\1.박상현\개발프로그램\kiwoomtrading\pshautotradingpro_20190327_1\pshautotradingpro\debug\vc141.pdb
d:\1.박상현\개발프로그램\kiwoomtrading\pshautotradingpro_20190327_1\pshautotradingpro\debug\vc141.idb
d:\1.박상현\개발프로그램\kiwoomtrading\pshautotradingpro_20190327_1\pshautotradingpro\debug\stdafx.obj
d:\1.박상현\개발프로그램\kiwoomtrading\pshautotradingpro_20190327_1\pshautotradingpro\debug\stringutil.obj
d:\1.박상현\개발프로그램\kiwoomtrading\pshautotradingpro_20190327_1\pshautotradingpro\debug\scrollwindow.obj
d:\1.박상현\개발프로그램\kiwoomtrading\pshautotradingpro_20190327_1\pshautotradingpro\debug\minidumphelp.obj
d:\1.박상현\개발프로그램\kiwoomtrading\pshautotradingpro_20190327_1\pshautotradingpro\debug\logging.obj
d:\1.박상현\개발프로그램\kiwoomtrading\pshautotradingpro_20190327_1\pshautotradingpro\debug\titletip.obj
d:\1.박상현\개발프로그램\kiwoomtrading\pshautotradingpro_20190327_1\pshautotradingpro\debug\inplaceedit.obj
d:\1.박상현\개발프로그램\kiwoomtrading\pshautotradingpro_20190327_1\pshautotradingpro\debug\griddroptarget.obj
d:\1.박상현\개발프로그램\kiwoomtrading\pshautotradingpro_20190327_1\pshautotradingpro\debug\gridctrl.obj
d:\1.박상현\개발프로그램\kiwoomtrading\pshautotradingpro_20190327_1\pshautotradingpro\debug\gridcellbase.obj
d:\1.박상현\개발프로그램\kiwoomtrading\pshautotradingpro_20190327_1\pshautotradingpro\debug\gridcell.obj
d:\1.박상현\개발프로그램\kiwoomtrading\pshautotradingpro_20190327_1\pshautotradingpro\debug\fontmanager.obj
d:\1.박상현\개발프로그램\kiwoomtrading\pshautotradingpro_20190327_1\pshautotradingpro\debug\filesystemutil.obj
d:\1.박상현\개발프로그램\kiwoomtrading\pshautotradingpro_20190327_1\pshautotradingpro\debug\dialogutil.obj
d:\1.박상현\개발프로그램\kiwoomtrading\pshautotradingpro_20190327_1\pshautotradingpro\debug\devicedata.obj
d:\1.박상현\개발프로그램\kiwoomtrading\pshautotradingpro_20190327_1\pshautotradingpro\debug\dateutil.obj
d:\1.박상현\개발프로그램\kiwoomtrading\pshautotradingpro_20190327_1\pshautotradingpro\debug\colorstatic.obj
d:\1.박상현\개발프로그램\kiwoomtrading\pshautotradingpro_20190327_1\pshautotradingpro\debug\btnst.obj
d:\1.박상현\개발프로그램\kiwoomtrading\pshautotradingpro_20190327_1\pshautotradingpro\debug\bkdialogst.obj
d:\1.박상현\개발프로그램\kiwoomtrading\pshautotradingpro_20190327_1\pshautotradingpro\debug\bcmenu.obj
d:\1.박상현\개발프로그램\kiwoomtrading\pshautotradingpro_20190327_1\pshautotradingpro\debug\khopenapictrl.obj
d:\1.박상현\개발프로그램\kiwoomtrading\pshautotradingpro_20190327_1\pshautotradingpro\debug\pshautotradingproview.obj
d:\1.박상현\개발프로그램\kiwoomtrading\pshautotradingpro_20190327_1\pshautotradingpro\debug\pshautotradingprodoc.obj
d:\1.박상현\개발프로그램\kiwoomtrading\pshautotradingpro_20190327_1\pshautotradingpro\debug\pshautotradingpro.obj
d:\1.박상현\개발프로그램\kiwoomtrading\pshautotradingpro_20190327_1\pshautotradingpro\debug\mainfrm.obj
d:\1.박상현\개발프로그램\kiwoomtrading\pshautotradingpro_20190327_1\pshautotradingpro\debug\dlgtop.obj
d:\1.박상현\개발프로그램\kiwoomtrading\pshautotradingpro_20190327_1\pshautotradingpro\debug\dlgright01.obj
d:\1.박상현\개발프로그램\kiwoomtrading\pshautotradingpro_20190327_1\pshautotradingpro\debug\dlgorderpopup.obj
d:\1.박상현\개발프로그램\kiwoomtrading\pshautotradingpro_20190327_1\pshautotradingpro\debug\dlgmain02_02.obj
d:\1.박상현\개발프로그램\kiwoomtrading\pshautotradingpro_20190327_1\pshautotradingpro\debug\dlgmain02_01.obj
d:\1.박상현\개발프로그램\kiwoomtrading\pshautotradingpro_20190327_1\pshautotradingpro\debug\dlgmain01_02.obj
d:\1.박상현\개발프로그램\kiwoomtrading\pshautotradingpro_20190327_1\pshautotradingpro\debug\dlgmain01_01.obj
d:\1.박상현\개발프로그램\kiwoomtrading\pshautotradingpro_20190327_1\pshautotradingpro\debug\dlginterestlistpopup.obj
d:\1.박상현\개발프로그램\kiwoomtrading\pshautotradingpro_20190327_1\pshautotradingpro\debug\dlgcurrentpricepopup.obj
d:\1.박상현\개발프로그램\kiwoomtrading\pshautotradingpro_20190327_1\pshautotradingpro\debug\dlgbottom.obj
d:\1.박상현\개발프로그램\kiwoomtrading\pshautotradingpro_20190327_1\pshautotradingpro\debug\thread.obj
d:\1.박상현\개발프로그램\kiwoomtrading\pshautotradingpro_20190327_1\debug\pshautotradingpro.exe
d:\1.박상현\개발프로그램\kiwoomtrading\pshautotradingpro_20190327_1\debug\pshautotradingpro.ilk
d:\1.박상현\개발프로그램\kiwoomtrading\pshautotradingpro_20190327_1\debug\pshautotradingpro.pdb
d:\1.박상현\개발프로그램\kiwoomtrading\pshautotradingpro_20190327_1\pshautotradingpro\debug\pshautotradingpro.res
d:\02.developerproject\project_20200326\00.kiwoomtrading\pshautotradingpro_20190327_1\pshautotradingpro\debug\bcmenu.obj
d:\02.developerproject\project_20200326\00.kiwoomtrading\pshautotradingpro_20190327_1\pshautotradingpro\debug\bkdialogst.obj
d:\02.developerproject\project_20200326\00.kiwoomtrading\pshautotradingpro_20190327_1\pshautotradingpro\debug\btnst.obj
d:\02.developerproject\project_20200326\00.kiwoomtrading\pshautotradingpro_20190327_1\pshautotradingpro\debug\colorstatic.obj
d:\02.developerproject\project_20200326\00.kiwoomtrading\pshautotradingpro_20190327_1\pshautotradingpro\debug\dateutil.obj
d:\02.developerproject\project_20200326\00.kiwoomtrading\pshautotradingpro_20190327_1\pshautotradingpro\debug\devicedata.obj
d:\02.developerproject\project_20200326\00.kiwoomtrading\pshautotradingpro_20190327_1\pshautotradingpro\debug\dialogutil.obj
d:\02.developerproject\project_20200326\00.kiwoomtrading\pshautotradingpro_20190327_1\pshautotradingpro\debug\dlgbottom.obj
d:\02.developerproject\project_20200326\00.kiwoomtrading\pshautotradingpro_20190327_1\pshautotradingpro\debug\dlgcurrentpricepopup.obj
d:\02.developerproject\project_20200326\00.kiwoomtrading\pshautotradingpro_20190327_1\pshautotradingpro\debug\dlginterestlistpopup.obj
d:\02.developerproject\project_20200326\00.kiwoomtrading\pshautotradingpro_20190327_1\pshautotradingpro\debug\dlgmain01_01.obj
d:\02.developerproject\project_20200326\00.kiwoomtrading\pshautotradingpro_20190327_1\pshautotradingpro\debug\dlgmain01_02.obj
d:\02.developerproject\project_20200326\00.kiwoomtrading\pshautotradingpro_20190327_1\pshautotradingpro\debug\dlgmain02_01.obj
d:\02.developerproject\project_20200326\00.kiwoomtrading\pshautotradingpro_20190327_1\pshautotradingpro\debug\dlgmain02_02.obj
d:\02.developerproject\project_20200326\00.kiwoomtrading\pshautotradingpro_20190327_1\pshautotradingpro\debug\dlgorderpopup.obj
d:\02.developerproject\project_20200326\00.kiwoomtrading\pshautotradingpro_20190327_1\pshautotradingpro\debug\dlgright01.obj
d:\02.developerproject\project_20200326\00.kiwoomtrading\pshautotradingpro_20190327_1\pshautotradingpro\debug\dlgtop.obj
d:\02.developerproject\project_20200326\00.kiwoomtrading\pshautotradingpro_20190327_1\pshautotradingpro\debug\filesystemutil.obj
d:\02.developerproject\project_20200326\00.kiwoomtrading\pshautotradingpro_20190327_1\pshautotradingpro\debug\fontmanager.obj
d:\02.developerproject\project_20200326\00.kiwoomtrading\pshautotradingpro_20190327_1\pshautotradingpro\debug\gridcell.obj
d:\02.developerproject\project_20200326\00.kiwoomtrading\pshautotradingpro_20190327_1\pshautotradingpro\debug\gridcellbase.obj
d:\02.developerproject\project_20200326\00.kiwoomtrading\pshautotradingpro_20190327_1\pshautotradingpro\debug\gridctrl.obj
d:\02.developerproject\project_20200326\00.kiwoomtrading\pshautotradingpro_20190327_1\pshautotradingpro\debug\griddroptarget.obj
d:\02.developerproject\project_20200326\00.kiwoomtrading\pshautotradingpro_20190327_1\pshautotradingpro\debug\inplaceedit.obj
d:\02.developerproject\project_20200326\00.kiwoomtrading\pshautotradingpro_20190327_1\pshautotradingpro\debug\khopenapictrl.obj
d:\02.developerproject\project_20200326\00.kiwoomtrading\pshautotradingpro_20190327_1\pshautotradingpro\debug\logging.obj
d:\02.developerproject\project_20200326\00.kiwoomtrading\pshautotradingpro_20190327_1\pshautotradingpro\debug\mainfrm.obj
d:\02.developerproject\project_20200326\00.kiwoomtrading\pshautotradingpro_20190327_1\pshautotradingpro\debug\minidumphelp.obj
d:\02.developerproject\project_20200326\00.kiwoomtrading\pshautotradingpro_20190327_1\pshautotradingpro\debug\pshautotradingpro.obj
d:\02.developerproject\project_20200326\00.kiwoomtrading\pshautotradingpro_20190327_1\pshautotradingpro\debug\pshautotradingprodoc.obj
d:\02.developerproject\project_20200326\00.kiwoomtrading\pshautotradingpro_20190327_1\pshautotradingpro\debug\pshautotradingproview.obj
d:\02.developerproject\project_20200326\00.kiwoomtrading\pshautotradingpro_20190327_1\pshautotradingpro\debug\scrollwindow.obj
d:\02.developerproject\project_20200326\00.kiwoomtrading\pshautotradingpro_20190327_1\pshautotradingpro\debug\stdafx.obj
d:\02.developerproject\project_20200326\00.kiwoomtrading\pshautotradingpro_20190327_1\pshautotradingpro\debug\stringutil.obj
d:\02.developerproject\project_20200326\00.kiwoomtrading\pshautotradingpro_20190327_1\pshautotradingpro\debug\thread.obj
d:\02.developerproject\project_20200326\00.kiwoomtrading\pshautotradingpro_20190327_1\pshautotradingpro\debug\titletip.obj
d:\02.developerproject\project_20200326\00.kiwoomtrading\pshautotradingpro_20190327_1\pshautotradingpro\debug\pshautotradingpro.res
d:\02.developerproject\project_20200326\00.kiwoomtrading\pshautotradingpro_20190327_1\pshautotradingpro\debug\pshautotradingpro.pch
d:\02.developerproject\project_20200326\00.kiwoomtrading\pshautotradingpro_20190327_1\pshautotradingpro\debug\vc141.idb
d:\02.developerproject\project_20200326\00.kiwoomtrading\pshautotradingpro_20190327_1\pshautotradingpro\debug\vc141.pdb
d:\02.developerproject\project_20200326\00.kiwoomtrading\pshautotradingpro_20190327_1\debug\pshautotradingpro.pdb
d:\02.developerproject\project_20200326\00.kiwoomtrading\pshautotradingpro_20190327_1\debug\pshautotradingpro.exe
d:\02.developerproject\project_20200326\00.kiwoomtrading\pshautotradingpro_20190327_1\debug\pshautotradingpro.ilk
d:\02.developerproject\project_20200326\00.kiwoomtrading\pshautotradingpro_20190327_1\pshautotradingpro\debug\pshautot.4e66397c.tlog\cl.command.1.tlog
d:\02.developerproject\project_20200326\00.kiwoomtrading\pshautotradingpro_20190327_1\pshautotradingpro\debug\pshautot.4e66397c.tlog\cl.read.1.tlog
d:\02.developerproject\project_20200326\00.kiwoomtrading\pshautotradingpro_20190327_1\pshautotradingpro\debug\pshautot.4e66397c.tlog\cl.write.1.tlog
d:\02.developerproject\project_20200326\00.kiwoomtrading\pshautotradingpro_20190327_1\pshautotradingpro\debug\pshautot.4e66397c.tlog\link.command.1.tlog
d:\02.developerproject\project_20200326\00.kiwoomtrading\pshautotradingpro_20190327_1\pshautotradingpro\debug\pshautot.4e66397c.tlog\link.read.1.tlog
d:\02.developerproject\project_20200326\00.kiwoomtrading\pshautotradingpro_20190327_1\pshautotradingpro\debug\pshautot.4e66397c.tlog\link.write.1.tlog
d:\02.developerproject\project_20200326\00.kiwoomtrading\pshautotradingpro_20190327_1\pshautotradingpro\debug\pshautot.4e66397c.tlog\rc.command.1.tlog
d:\02.developerproject\project_20200326\00.kiwoomtrading\pshautotradingpro_20190327_1\pshautotradingpro\debug\pshautot.4e66397c.tlog\rc.read.1.tlog
d:\02.developerproject\project_20200326\00.kiwoomtrading\pshautotradingpro_20190327_1\pshautotradingpro\debug\pshautot.4e66397c.tlog\rc.write.1.tlog
